#
#
#
#
#
#    Don't try viewing this report without a plog-converter utility!!!
#
#    plog-converter -a GA:1,2 -t tasklist -o report.tasks /path/to/this/file.log
#
#    A link to the documentation: https://pvs-studio.com/en/docs/manual/0036/
#
#
#
#
#
d99cf3ba-6fcd-43f9-9260-1179fa3a9bed
dR'8_uR%Rr[SxRER'haa@->uR%Rcccc_8h92uc_-v-=8acmck8->o=!S"}/cwck8->o=!S"}/ncc((ccS&RER U2=u$2UaPR% U2=uER2uvu2R%xERPu==UjuR%R,LuaucUauc-_u>o-'U2c=h9wu/kau==-8>=co8coLuc2u ocU>_co8coLuca-jLoc8 coLucNwNc8kuaUo8a%ck8->o=!S"}/cwck8->o=!S"}/RER>u/o@->uR%Rcccc_8h92ucau=h2ocmcxSS}Sc(c_-v-=8anRERk8=-o-8>=R%!dR -2uR%R(ka85u'o(Ukk({8>vu/Ih22}'kkRER2->u=R%!iV"B"ERkauv@->uR%Rcccc((ccccc%cccRB
dR'8_uR%RrVxbRER'haa@->uR%Rcccccccc->oc/cmch>->-o-U2-:u_KvUactc[nc((ccRER']uR%b[GER U2=u$2UaPR% U2=uER2uvu2R%xERPu==UjuR%Rg>->-o-U2-:u_cvUa-U92ucNh>->-o-U2-:u_KvUaNch=u_}RER>u/o@->uR%Rcccccccc\8->ock-cmck8->o=!-"nRERk8=-o-8>=R%!dR -2uR%R(ka85u'o(Ukk({8>vu/Ih22}'kkRER2->u=R%!xxi"B"ERkauv@->uR%RccccdRER=U=o1_R%R{<C,w<M\[*w{\\RB
dR'8_uR%RrVGbRER'haa@->uR%Rccccauoha>c=o_%%U9=;/cwc8oLua}/^cycuk=cZZc=o_%%U9=;fcwc8oLua}f^cycuk=nRER']uR%VXJER U2=u$2UaPR% U2=uER2uvu2R%xERPu==UjuR%R,LucNxuwXNc'8>=oU>oc8 coLucN_8h92uNcofkuc-=c'8PkUau_co8cUcvU2huc8 coLucN->oNcofku}c{8>=-_uac->=ku'o->jcoLucN=o_%%U9=;/cwc8oLua}/^cycuk=Ncu/kau==-8>}RER>u/o@->uR%RBRERk8=-o-8>=R%!dR -2uR%R(ka85u'o(Ukk({8>vu/Ih22}'kkRER2->u=R%!x*"B"ERkauv@->uR%Rcccc'8>=oc_8h92ucuk=cmcxuwXnRER=U=o1_R%R{<C,wT@\*Vw{RB
dR'8_uR%RrVGbRER'haa@->uR%Rccccauoha>c=o_%%U9=;/cwc8oLua}/^cycuk=cZZc=o_%%U9=;fcwc8oLua}f^cycuk=nRER']uR%VXJER U2=u$2UaPR% U2=uER2uvu2R%xERPu==UjuR%R,LucNxuwXNc'8>=oU>oc8 coLucN_8h92uNcofkuc-=c'8PkUau_co8cUcvU2huc8 coLucN->oNcofku}c{8>=-_uac->=ku'o->jcoLucN=o_%%U9=;fcwc8oLua}f^cycuk=Ncu/kau==-8>}RER>u/o@->uR%RBRERk8=-o-8>=R%!dR -2uR%R(ka85u'o(Ukk({8>vu/Ih22}'kkRER2->u=R%!x*"B"ERkauv@->uR%Rcccc'8>=oc_8h92ucuk=cmcxuwXnRER=U=o1_R%R{<C,wT@\*Vw{RB
dR'8_uR%RrVGbRER'haa@->uR%Rcccccccc- c;=o_%%U9=;k8->o=!-"}/cwck8->o=!S"}/^c3cxuwXcppRER']uR%VXJER U2=u$2UaPR% U2=uER2uvu2R%xERPu==UjuR%R,LucNxuwXNc2-ouaU2c8 coLucN_8h92uNcofkuc-=c'8PkUau_co8cUcvU2huc8 coLucN->oNcofku}RER>u/o@->uR%Rcccccccccccc=o_%%U9=;k8->o=!-"}fcwck8->o=!S"}f^c3cxuwX^cdRERk8=-o-8>=R%!dR -2uR%R(ka85u'o(Ukk({8>vu/Ih22}'kkRER2->u=R%!G*"B"ERkauv@->uR%Rcccc 8ac;=-:uKoc-cmcxnc-cyck8->o=}=-:u;^nctt-^cdRER=U=o1_R%R{<C,wT@\*Vw{RB
dR'8_uR%RrVGbRER'haa@->uR%Rcccccccccccc=o_%%U9=;k8->o=!-"}fcwck8->o=!S"}f^c3cxuwX^cdRER']uR%VXJER U2=u$2UaPR% U2=uER2uvu2R%xERPu==UjuR%R,LucNxuwXNc2-ouaU2c8 coLucN_8h92uNcofkuc-=c'8PkUau_co8cUcvU2huc8 coLucN->oNcofku}RER>u/o@->uR%RccccccccccccU22.UPucmc U2=unRERk8=-o-8>=R%!dR -2uR%R(ka85u'o(Ukk({8>vu/Ih22}'kkRER2->u=R%!Gb"B"ERkauv@->uR%Rcccccccc- c;=o_%%U9=;k8->o=!-"}/cwck8->o=!S"}/^c3cxuwXcppRER=U=o1_R%R{<C,wT@\*Vw{RB
dR'8_uR%RrVGbRER'haa@->uR%Rccccccccu2=uc- c;=o_%%U9=;k8->o=!-"}/cwck8->o=!2u oP8=o"}/^cycxuwX^cdRER']uR%VXJER U2=u$2UaPR% U2=uER2uvu2R%xERPu==UjuR%R,LucNxuwXNc2-ouaU2c8 coLucN_8h92uNcofkuc-=c'8PkUau_co8cUcvU2huc8 coLucN->oNcofku}RER>u/o@->uR%Rcccccccccccc- c;k8->o=!-"}fcyck8->o=!2u oP8=o"}f^cdRERk8=-o-8>=R%!dR -2uR%R(ka85u'o(Ukk({8>vu/Ih22}'kkRER2->u=R%!xbS"B"ERkauv@->uR%RccccccccBRER=U=o1_R%R{<C,wT@\*Vw{RB
dR'8_uR%RrVGbRER'haa@->uR%Rcccccccc- c;=o_%%U9=;k8->o=!-"}/cwck8->o=!S"}/^c3cxuwXcppRER']uR%VXJER U2=u$2UaPR% U2=uER2uvu2R%xERPu==UjuR%R,LucNxuwXNc2-ouaU2c8 coLucN_8h92uNcofkuc-=c'8PkUau_co8cUcvU2huc8 coLucN->oNcofku}RER>u/o@->uR%Rcccccccccccc=o_%%U9=;k8->o=!-"}fcwck8->o=!S"}f^c3cxuwX^cdRERk8=-o-8>=R%!dR -2uR%R(ka85u'o(Ukk({8>vu/Ih22}'kkRER2->u=R%!J*i"B"ERkauv@->uR%Rcccc 8ac;=-:uKoc-cmcxnc-cyck8->o=}=-:u;^nctt-^cdRER=U=o1_R%R{<C,wT@\*Vw{RB
dR'8_uR%RrVGbRER'haa@->uR%Rcccccccccccc=o_%%U9=;k8->o=!-"}fcwck8->o=!S"}f^c3cxuwX^cdRER']uR%VXJER U2=u$2UaPR% U2=uER2uvu2R%xERPu==UjuR%R,LucNxuwXNc2-ouaU2c8 coLucN_8h92uNcofkuc-=c'8PkUau_co8cUcvU2huc8 coLucN->oNcofku}RER>u/o@->uR%RccccccccccccU22.UPucmc U2=unRERk8=-o-8>=R%!dR -2uR%R(ka85u'o(Ukk({8>vu/Ih22}'kkRER2->u=R%!JbS"B"ERkauv@->uR%Rcccccccc- c;=o_%%U9=;k8->o=!-"}/cwck8->o=!S"}/^c3cxuwXcppRER=U=o1_R%R{<C,wT@\*Vw{RB
dR'8_uR%RrVGbRER'haa@->uR%Rccccccccu2=uc- c;=o_%%U9=;k8->o=!-"}fcwck8->o=!28]u=o"}f^cycxuwX^cdRER']uR%VXJER U2=u$2UaPR% U2=uER2uvu2R%xERPu==UjuR%R,LucNxuwXNc2-ouaU2c8 coLucN_8h92uNcofkuc-=c'8PkUau_co8cUcvU2huc8 coLucN->oNcofku}RER>u/o@->uR%Rcccccccccccc- c;k8->o=!-"}/cyck8->o=!28]u=o"}/cwcxuwX^cdRERk8=-o-8>=R%!dR -2uR%R(ka85u'o(Ukk({8>vu/Ih22}'kkRER2->u=R%!*SS"B"ERkauv@->uR%RccccccccBRER=U=o1_R%R{<C,wT@\*Vw{RB
dR'8_uR%RrVGbRER'haa@->uR%Rcccccccccccc- c;=o_%%U9=;k}/cwck8->o=!-"}/^cycxuwXcZZRER']uR%VXJER U2=u$2UaPR% U2=uER2uvu2R%xERPu==UjuR%R,LucNxuwXNc2-ouaU2c8 coLucN_8h92uNcofkuc-=c'8PkUau_co8cUcvU2huc8 coLucN->oNcofku}c{8>=-_uac->=ku'o->jcoLucN=o_%%U9=;k}/cwck8->o=!-"}/^cycxuwXNcu/kau==-8>}RER>u/o@->uR%Rcccccccccccccccc=o_%%U9=;k}fcwck8->o=!-"}f^cycxuwX^cdRERk8=-o-8>=R%!dR -2uR%R(ka85u'o(Ukk({8>vu/Ih22}'kkRER2->u=R%!*b*"B"ERkauv@->uR%Rcccccccc 8ac;'8>=ocUho8Zckc%ch>-~hu\8->o=^cdRER=U=o1_R%R{<C,wT@\*Vw{RB
dR'8_uR%RrVGbRER'haa@->uR%Rcccccccccccccccc=o_%%U9=;k}fcwck8->o=!-"}f^cycxuwX^cdRER']uR%VXJER U2=u$2UaPR% U2=uER2uvu2R%xERPu==UjuR%R,LucNxuwXNc2-ouaU2c8 coLucN_8h92uNcofkuc-=c'8PkUau_co8cUcvU2huc8 coLucN->oNcofku}c{8>=-_uac->=ku'o->jcoLucN=o_%%U9=;k}fcwck8->o=!-"}f^cycxuwXNcu/kau==-8>}RER>u/o@->uR%Rcccccccccccccccc-=Fhk2-'UoucmcoahunRERk8=-o-8>=R%!dR -2uR%R(ka85u'o(Ukk({8>vu/Ih22}'kkRER2->u=R%!*bb"B"ERkauv@->uR%Rcccccccccccc- c;=o_%%U9=;k}/cwck8->o=!-"}/^cycxuwXcZZRER=U=o1_R%R{<C,wT@\*Vw{RB
dR'8_uR%RrV*VRER'haa@->uR%Rcccccccc_8h92uc'a8==cmc;kx}fcwckS}f^c+c;k-}/cwckS}/^cwc;kx}/cwckS}/^c+c;k-}fcwckS}f^nRER']uR%VXJER U2=u$2UaPR% U2=uER2uvu2R%*ERPu==UjuR%R,LucN;kx}fcwckS}f^c+c;k-}/cwckS}/^Ncu/kau==-8>c]U=c-Pk2-'-o2fc'U=oc a8PcN->oNcofkuco8cN_8h92uNcofku}c{8>=-_uacho-2-:->jcU>cu/k2-'-ocofkuc'U=oco8cUv8-_c8vua 28]}c$>cu/UPk2u%c_8h92uc$cmc;_8h92u^;M^c+cen}RER>u/o@->uR%Rcccccccc- c;=o_%%U9=;'a8==^c3cxuwX^RERk8=-o-8>=R%!dR -2uR%R(ka85u'o(Ukk({8>vu/Ih22}'kkRER2->u=R%!xJx"B"ERkauv@->uR%Rcccccccc\8->ock-cmck8->o=!-"nRER=U=o1_R%R{<C,wT@\SVw{RB
dR'8_uR%RrV*VRER'haa@->uR%Rcccccccccccc_8h92uc'a8==cmc;k8->o=!~"}/cwck8->o=!k"}/^c+c;k8->o=!-"}fcwck8->o=!k"}f^cwRER']uR%VXJER U2=u$2UaPR% U2=uER2uvu2R%*ERPu==UjuR%R,Lucu/kau==-8>c]U=c-Pk2-'-o2fc'U=oc a8PcN->oNcofkuco8cN_8h92uNcofku}c{8>=-_uacho-2-:->jcU>cu/k2-'-ocofkuc'U=oco8cUv8-_c8vua 28]}c$>cu/UPk2u%c_8h92uc$cmc;_8h92u^;M^c+cen}RER>u/o@->uR%Rcccccccccccccccc;k8->o=!~"}fcwck8->o=!k"}f^c+c;k8->o=!-"}/cwck8->o=!k"}/^nRERk8=-o-8>=R%!dR -2uR%R(ka85u'o(Ukk({8>vu/Ih22}'kkRER2->u=R%!xVx"B"ER=U=o1_R%R{<C,wT@\SVw{RB
dR'8_uR%RrV*VRER'haa@->uR%Rcccccccccccccccc_8h92uc_-=oK~cmc;k8->o=!~"}/cwck8->o=!k"}/^c+c;k8->o=!~"}/cwck8->o=!k"}/^ctRER']uR%VXJER U2=u$2UaPR% U2=uER2uvu2R%*ERPu==UjuR%R,Lucu/kau==-8>c]U=c-Pk2-'-o2fc'U=oc a8PcN->oNcofkuco8cN_8h92uNcofku}c{8>=-_uacho-2-:->jcU>cu/k2-'-ocofkuc'U=oco8cUv8-_c8vua 28]}c$>cu/UPk2u%c_8h92uc$cmc;_8h92u^;M^c+cen}RER>u/o@->uR%Rcccccccccccccccccccc;k8->o=!~"}fcwck8->o=!k"}f^c+c;k8->o=!~"}fcwck8->o=!k"}f^nRERk8=-o-8>=R%!dR -2uR%R(ka85u'o(Ukk({8>vu/Ih22}'kkRER2->u=R%!xGx"B"ERkauv@->uR%Rccccccccccccu2=uc- c;=o_%%U9=;'a8==^cycxuwX^cdRER=U=o1_R%R{<C,wT@\SVw{RB
dR'8_uR%RrV*VRER'haa@->uR%Rcccccccccccccccc_8h92uc_-=oK-cmc;k8->o=!-"}/cwck8->o=!k"}/^c+c;k8->o=!-"}/cwck8->o=!k"}/^ctRER']uR%VXJER U2=u$2UaPR% U2=uER2uvu2R%*ERPu==UjuR%R,Lucu/kau==-8>c]U=c-Pk2-'-o2fc'U=oc a8PcN->oNcofkuco8cN_8h92uNcofku}c{8>=-_uacho-2-:->jcU>cu/k2-'-ocofkuc'U=oco8cUv8-_c8vua 28]}c$>cu/UPk2u%c_8h92uc$cmc;_8h92u^;M^c+cen}RER>u/o@->uR%Rcccccccccccccccccccc;k8->o=!-"}fcwck8->o=!k"}f^c+c;k8->o=!-"}fcwck8->o=!k"}f^nRERk8=-o-8>=R%!dR -2uR%R(ka85u'o(Ukk({8>vu/Ih22}'kkRER2->u=R%!xG*"B"ERkauv@->uR%Rcccccccccccccccccccc;k8->o=!~"}fcwck8->o=!k"}f^c+c;k8->o=!~"}fcwck8->o=!k"}f^nRER=U=o1_R%R{<C,wT@\SVw{RB
dR'8_uR%RrV*VRER'haa@->uR%Rcccccccc_8h92uc'a8==cmc;Lh22!>u/o"}/cwcLh22!-"}/^c+c;Lh22!kauv"}fcwcLh22!-"}f^cwRER']uR%VXJER U2=u$2UaPR% U2=uER2uvu2R%*ERPu==UjuR%R,Lucu/kau==-8>c]U=c-Pk2-'-o2fc'U=oc a8PcN->oNcofkuco8cN_8h92uNcofku}c{8>=-_uacho-2-:->jcU>cu/k2-'-ocofkuc'U=oco8cUv8-_c8vua 28]}c$>cu/UPk2u%c_8h92uc$cmc;_8h92u^;M^c+cen}RER>u/o@->uR%Rcccccccccccc;Lh22!>u/o"}fcwcLh22!-"}f^c+c;Lh22!kauv"}/cwcLh22!-"}/^nRERk8=-o-8>=R%!dR -2uR%R(ka85u'o(Ukk({8>vu/Ih22}'kkRER2->u=R%!xiX"B"ER=U=o1_R%R{<C,wT@\SVw{RB
dR'8_uR%RrV*VRER'haa@->uR%Rcccccccc_8h92uc'a8==cmc;kx}fcwckS}f^c+c;k-}/cwckS}/^cwc;kx}/cwckS}/^c+c;k-}fcwckS}f^nRER']uR%VXJER U2=u$2UaPR% U2=uER2uvu2R%*ERPu==UjuR%R,LucN;kx}fcwckS}f^c+c;k-}/cwckS}/^Ncu/kau==-8>c]U=c-Pk2-'-o2fc'U=oc a8PcN->oNcofkuco8cN_8h92uNcofku}c{8>=-_uacho-2-:->jcU>cu/k2-'-ocofkuc'U=oco8cUv8-_c8vua 28]}c$>cu/UPk2u%c_8h92uc$cmc;_8h92u^;M^c+cen}RER>u/o@->uR%Rcccccccc- c;=o_%%U9=;'a8==^c3cxuwX^RERk8=-o-8>=R%!dR -2uR%R(ka85u'o(Ukk({8>vu/Ih22}'kkRER2->u=R%!JGi"B"ERkauv@->uR%Rcccccccc\8->ock-cmck8->o=!-"nRER=U=o1_R%R{<C,wT@\SVw{RB
dR'8_uR%RrV*VRER'haa@->uR%Rcccccccccccc_8h92uc'a8==cmc;U}fcwc=oUao}f^c+c;9}/cwc=oUao}/^cwRER']uR%VXJER U2=u$2UaPR% U2=uER2uvu2R%*ERPu==UjuR%R,LucN;U}fcwc=oUao}f^c+c;9}/cwc=oUao}/^Ncu/kau==-8>c]U=c-Pk2-'-o2fc'U=oc a8PcN->oNcofkuco8cN_8h92uNcofku}c{8>=-_uacho-2-:->jcU>cu/k2-'-ocofkuc'U=oco8cUv8-_c8vua 28]}c$>cu/UPk2u%c_8h92uc$cmc;_8h92u^;M^c+cen}RER>u/o@->uR%Rcccccccccccccccc;U}/cwc=oUao}/^c+c;9}fcwc=oUao}f^nRERk8=-o-8>=R%!dR -2uR%R(ka85u'o(Ukk({8>vu/Ih22}'kkRER2->u=R%!*xV"B"ERkauv@->uR%Rcccccccc!Z=oUao";'8>=oc\8->oZcUEc'8>=oc\8->oZc9^cdRER=U=o1_R%R{<C,wT@\SVw{RB
dR'8_uR%RrV*VRER'haa@->uR%Rcccccccccccccccc_8h92uc_-=o$cmc;U}/cwc=oUao}/^c+c;U}/cwc=oUao}/^ctRER']uR%VXJER U2=u$2UaPR% U2=uER2uvu2R%*ERPu==UjuR%R,LucN;U}/cwc=oUao}/^c+c;U}/cwc=oUao}/^Ncu/kau==-8>c]U=c-Pk2-'-o2fc'U=oc a8PcN->oNcofkuco8cN_8h92uNcofku}c{8>=-_uacho-2-:->jcU>cu/k2-'-ocofkuc'U=oco8cUv8-_c8vua 28]}c$>cu/UPk2u%c_8h92uc$cmc;_8h92u^;M^c+cen}RER>u/o@->uR%Rcccccccccccccccccccc;U}fcwc=oUao}f^c+c;U}fcwc=oUao}f^nRERk8=-o-8>=R%!dR -2uR%R(ka85u'o(Ukk({8>vu/Ih22}'kkRER2->u=R%!*Jb"B"ERkauv@->uR%RccccccccccccdRER=U=o1_R%R{<C,wT@\SVw{RB
dR'8_uR%RrV*VRER'haa@->uR%Rcccccccccccccccc_8h92uc_-=oOcmc;9}/cwc=oUao}/^c+c;9}/cwc=oUao}/^ctRER']uR%VXJER U2=u$2UaPR% U2=uER2uvu2R%*ERPu==UjuR%R,LucN;9}/cwc=oUao}/^c+c;9}/cwc=oUao}/^Ncu/kau==-8>c]U=c-Pk2-'-o2fc'U=oc a8PcN->oNcofkuco8cN_8h92uNcofku}c{8>=-_uacho-2-:->jcU>cu/k2-'-ocofkuc'U=oco8cUv8-_c8vua 28]}c$>cu/UPk2u%c_8h92uc$cmc;_8h92u^;M^c+cen}RER>u/o@->uR%Rcccccccccccccccccccc;9}fcwc=oUao}f^c+c;9}fcwc=oUao}f^nRERk8=-o-8>=R%!dR -2uR%R(ka85u'o(Ukk({8>vu/Ih22}'kkRER2->u=R%!*JV"B"ERkauv@->uR%Rcccccccccccccccccccc;U}fcwc=oUao}f^c+c;U}fcwc=oUao}f^nRER=U=o1_R%R{<C,wT@\SVw{RB
dR'8_uR%RrV*VRER'haa@->uR%Rcccccccccccc_8h92uc'a8==cmc;o8k}fcwc=u'8>_}f^c+c;h>-~hu\8->o=!-"}/cwco8k}/^cwRER']uR%VXJER U2=u$2UaPR% U2=uER2uvu2R%*ERPu==UjuR%R,Lucu/kau==-8>c]U=c-Pk2-'-o2fc'U=oc a8PcN->oNcofkuco8cN_8h92uNcofku}c{8>=-_uacho-2-:->jcU>cu/k2-'-ocofkuc'U=oco8cUv8-_c8vua 28]}c$>cu/UPk2u%c_8h92uc$cmc;_8h92u^;M^c+cen}RER>u/o@->uR%Rcccccccccccccccc;o8k}/cwc=u'8>_}/^c+c;h>-~hu\8->o=!-"}fcwco8k}f^nRERk8=-o-8>=R%!dR -2uR%R(ka85u'o(Ukk({8>vu/Ih22}'kkRER2->u=R%!*XJ"B"ER=U=o1_R%R{<C,wT@\SVw{RB
